mode: set
github.com/jwyattgh/pidchain/pidchain.go:38.51,40.71 2 1
github.com/jwyattgh/pidchain/pidchain.go:40.71,42.3 1 1
github.com/jwyattgh/pidchain/pidchain.go:44.2,46.28 3 1
github.com/jwyattgh/pidchain/pidchain.go:46.28,58.3 4 1
github.com/jwyattgh/pidchain/pidchain.go:59.2,61.52 2 1
github.com/jwyattgh/pidchain/pidchain.go:61.52,63.3 1 0
github.com/jwyattgh/pidchain/pidchain.go:64.2,64.23 1 1
github.com/jwyattgh/pidchain/pidchain.go:77.43,79.56 2 1
github.com/jwyattgh/pidchain/pidchain.go:79.56,81.3 1 1
github.com/jwyattgh/pidchain/pidchain.go:82.2,82.16 1 1
github.com/jwyattgh/pidchain/pidchain.go:95.43,97.56 2 1
github.com/jwyattgh/pidchain/pidchain.go:97.56,99.3 1 1
github.com/jwyattgh/pidchain/pidchain.go:100.2,100.19 1 1
github.com/jwyattgh/pidchain/pidchain.go:103.42,104.9 1 1
github.com/jwyattgh/pidchain/pidchain.go:105.53,106.32 1 0
github.com/jwyattgh/pidchain/pidchain.go:107.45,108.24 1 1
github.com/jwyattgh/pidchain/pidchain.go:109.10,110.13 1 0
github.com/jwyattgh/pidchain/internal/walker/walker.go:54.42,59.28 4 1
github.com/jwyattgh/pidchain/internal/walker/walker.go:59.28,61.17 2 1
github.com/jwyattgh/pidchain/internal/walker/walker.go:61.17,62.23 1 1
github.com/jwyattgh/pidchain/internal/walker/walker.go:62.23,63.47 1 1
github.com/jwyattgh/pidchain/internal/walker/walker.go:63.47,65.6 1 1
github.com/jwyattgh/pidchain/internal/walker/walker.go:66.5,66.31 1 1
github.com/jwyattgh/pidchain/internal/walker/walker.go:70.4,70.21 1 1
github.com/jwyattgh/pidchain/internal/walker/walker.go:73.3,83.32 3 1
github.com/jwyattgh/pidchain/internal/walker/walker.go:83.32,85.4 1 1
github.com/jwyattgh/pidchain/internal/walker/walker.go:86.3,86.17 1 1
github.com/jwyattgh/pidchain/internal/walker/walker.go:89.2,89.35 1 1
github.com/jwyattgh/pidchain/internal/walker/walker_darwin.go:89.13,90.24 1 1
github.com/jwyattgh/pidchain/internal/walker/walker_darwin.go:90.24,90.51 1 0
github.com/jwyattgh/pidchain/internal/walker/walker_darwin.go:99.60,102.18 3 1
github.com/jwyattgh/pidchain/internal/walker/walker_darwin.go:102.18,104.3 1 1
github.com/jwyattgh/pidchain/internal/walker/walker_darwin.go:105.2,110.37 5 1
github.com/jwyattgh/pidchain/internal/walker/walker_darwin.go:110.37,112.3 1 0
github.com/jwyattgh/pidchain/internal/walker/walker_darwin.go:113.2,113.37 1 1
github.com/jwyattgh/pidchain/internal/walker/walker_darwin.go:121.70,122.16 1 1
github.com/jwyattgh/pidchain/internal/walker/walker_darwin.go:122.16,124.3 1 1
github.com/jwyattgh/pidchain/internal/walker/walker_darwin.go:125.2,129.73 4 1
github.com/jwyattgh/pidchain/internal/walker/walker_darwin.go:129.73,131.3 1 1
github.com/jwyattgh/pidchain/internal/walker/walker_darwin.go:133.2,134.18 2 1
github.com/jwyattgh/pidchain/internal/walker/walker_darwin.go:134.18,137.3 2 0
github.com/jwyattgh/pidchain/internal/walker/walker_darwin.go:138.2,138.20 1 1
github.com/jwyattgh/pidchain/internal/walker/walker_darwin.go:138.20,141.3 2 1
github.com/jwyattgh/pidchain/internal/walker/walker_darwin.go:142.2,142.18 1 1
github.com/jwyattgh/pidchain/internal/walker/walker_darwin.go:142.18,145.3 2 1
github.com/jwyattgh/pidchain/internal/walker/walker_darwin.go:146.2,146.27 1 1
