mode: atomic
github.com/jwyattgh/pidchain/pidchain.go:29.43,32.2 2 6
github.com/jwyattgh/pidchain/pidchain.go:40.49,42.2 1 6
github.com/jwyattgh/pidchain/pidchain.go:29.43,32.2 2 6
github.com/jwyattgh/pidchain/pidchain.go:40.49,42.2 1 6
github.com/jwyattgh/pidchain/pidchain.go:29.43,32.2 2 6
github.com/jwyattgh/pidchain/pidchain.go:40.49,42.2 1 6
github.com/jwyattgh/pidchain/internal/walker/walker.go:46.53,52.37 5 7
github.com/jwyattgh/pidchain/internal/walker/walker.go:52.37,54.17 2 43
github.com/jwyattgh/pidchain/internal/walker/walker.go:54.17,55.32 1 4
github.com/jwyattgh/pidchain/internal/walker/walker.go:55.32,56.53 1 2
github.com/jwyattgh/pidchain/internal/walker/walker.go:56.53,58.6 1 1
github.com/jwyattgh/pidchain/internal/walker/walker.go:59.5,59.54 1 1
github.com/jwyattgh/pidchain/internal/walker/walker.go:63.4,64.22 2 2
github.com/jwyattgh/pidchain/internal/walker/walker.go:67.3,80.32 6 39
github.com/jwyattgh/pidchain/internal/walker/walker.go:80.32,83.4 2 2
github.com/jwyattgh/pidchain/internal/walker/walker.go:84.3,84.17 1 37
github.com/jwyattgh/pidchain/internal/walker/walker.go:87.2,88.42 2 1
github.com/jwyattgh/pidchain/internal/walker/walker_darwin.go:93.13,94.24 1 1
github.com/jwyattgh/pidchain/internal/walker/walker_darwin.go:94.24,94.51 1 1
github.com/jwyattgh/pidchain/internal/walker/walker_darwin.go:103.60,106.18 3 3
github.com/jwyattgh/pidchain/internal/walker/walker_darwin.go:106.18,108.3 1 1
github.com/jwyattgh/pidchain/internal/walker/walker_darwin.go:109.2,114.37 5 2
github.com/jwyattgh/pidchain/internal/walker/walker_darwin.go:114.37,116.3 1 1
github.com/jwyattgh/pidchain/internal/walker/walker_darwin.go:117.2,117.37 1 1
github.com/jwyattgh/pidchain/internal/walker/walker_darwin.go:125.70,126.16 1 7
github.com/jwyattgh/pidchain/internal/walker/walker_darwin.go:126.16,128.3 1 1
github.com/jwyattgh/pidchain/internal/walker/walker_darwin.go:129.2,133.73 4 6
github.com/jwyattgh/pidchain/internal/walker/walker_darwin.go:133.73,135.3 1 1
github.com/jwyattgh/pidchain/internal/walker/walker_darwin.go:137.2,138.18 2 5
github.com/jwyattgh/pidchain/internal/walker/walker_darwin.go:138.18,141.3 2 0
github.com/jwyattgh/pidchain/internal/walker/walker_darwin.go:142.2,142.20 1 5
github.com/jwyattgh/pidchain/internal/walker/walker_darwin.go:142.20,145.3 2 4
github.com/jwyattgh/pidchain/internal/walker/walker_darwin.go:146.2,146.18 1 5
github.com/jwyattgh/pidchain/internal/walker/walker_darwin.go:146.18,149.3 2 1
github.com/jwyattgh/pidchain/internal/walker/walker_darwin.go:150.2,150.27 1 5
